TN:
SF:src\areas\servidor\services\submissionService.js
FN:4,processSubmission
FN:222,formatMonthYear
FNF:2
FNH:1
FNDA:15,processSubmission
FNDA:0,formatMonthYear
DA:1,1
DA:2,1
DA:3,1
DA:4,1
DA:5,15
DA:6,15
DA:7,15
DA:8,15
DA:9,15
DA:10,15
DA:11,15
DA:12,15
DA:13,15
DA:14,15
DA:15,15
DA:16,15
DA:17,15
DA:18,15
DA:19,15
DA:20,15
DA:21,15
DA:22,15
DA:23,15
DA:24,15
DA:25,15
DA:26,15
DA:27,15
DA:28,15
DA:29,0
DA:30,0
DA:31,15
DA:32,0
DA:33,0
DA:34,0
DA:35,15
DA:36,15
DA:37,15
DA:38,15
DA:39,15
DA:40,12
DA:41,12
DA:42,12
DA:43,12
DA:44,15
DA:45,3
DA:46,3
DA:47,3
DA:48,15
DA:49,15
DA:50,2
DA:51,2
DA:52,15
DA:53,15
DA:54,15
DA:55,0
DA:56,15
DA:57,1
DA:58,1
DA:59,15
DA:60,15
DA:61,1
DA:62,1
DA:63,15
DA:64,15
DA:65,15
DA:66,15
DA:67,15
DA:68,15
DA:69,15
DA:70,15
DA:71,15
DA:72,0
DA:73,0
DA:74,15
DA:75,15
DA:76,15
DA:77,0
DA:78,0
DA:79,0
DA:80,0
DA:81,0
DA:82,0
DA:83,0
DA:84,15
DA:85,15
DA:86,15
DA:87,15
DA:88,15
DA:89,15
DA:90,15
DA:91,15
DA:92,0
DA:93,15
DA:94,2
DA:95,15
DA:96,0
DA:97,13
DA:98,0
DA:99,0
DA:100,15
DA:101,15
DA:102,15
DA:103,1
DA:104,1
DA:105,15
DA:106,15
DA:107,15
DA:108,15
DA:109,15
DA:110,12
DA:111,15
DA:112,0
DA:113,0
DA:114,15
DA:115,15
DA:116,15
DA:117,0
DA:118,0
DA:119,15
DA:120,15
DA:121,15
DA:122,3
DA:123,3
DA:124,1
DA:125,3
DA:126,1
DA:127,1
DA:128,3
DA:129,3
DA:130,3
DA:131,0
DA:132,0
DA:133,3
DA:134,1
DA:135,1
DA:136,3
DA:137,2
DA:138,2
DA:139,0
DA:140,0
DA:141,0
DA:142,2
DA:143,3
DA:144,3
DA:145,15
DA:146,15
DA:147,15
DA:148,15
DA:149,0
DA:150,0
DA:151,0
DA:152,15
DA:153,15
DA:154,15
DA:155,1
DA:156,1
DA:157,15
DA:158,15
DA:159,15
DA:160,15
DA:161,0
DA:162,0
DA:163,0
DA:164,0
DA:165,0
DA:166,0
DA:167,0
DA:168,15
DA:169,15
DA:170,15
DA:171,15
DA:172,15
DA:173,15
DA:174,15
DA:175,3
DA:176,3
DA:177,15
DA:178,15
DA:179,4
DA:180,4
DA:181,4
DA:182,4
DA:183,4
DA:184,4
DA:185,15
DA:186,15
DA:187,15
DA:188,13
DA:189,13
DA:190,13
DA:191,13
DA:192,2
DA:193,2
DA:194,2
DA:195,2
DA:196,2
DA:197,2
DA:198,2
DA:199,2
DA:200,2
DA:201,2
DA:202,2
DA:203,2
DA:204,2
DA:205,2
DA:206,2
DA:207,2
DA:208,2
DA:209,15
DA:210,0
DA:211,15
DA:212,0
DA:213,2
DA:214,0
DA:215,0
DA:216,2
DA:217,15
DA:218,0
DA:219,0
DA:220,2
DA:221,2
DA:222,2
DA:223,0
DA:224,0
DA:225,0
DA:226,0
DA:227,0
DA:228,0
DA:229,0
DA:230,0
DA:231,0
DA:232,0
DA:233,0
DA:234,0
DA:235,0
DA:236,0
DA:237,0
DA:238,0
DA:239,0
DA:240,0
DA:241,0
DA:242,2
DA:243,2
DA:244,15
DA:245,0
DA:246,0
DA:247,0
DA:248,15
DA:249,0
DA:250,0
DA:251,0
DA:252,0
DA:253,0
DA:254,2
DA:255,2
DA:256,2
DA:257,2
DA:258,2
DA:259,2
DA:260,2
DA:261,2
DA:262,2
DA:263,2
DA:264,2
DA:265,2
DA:266,2
DA:267,2
DA:268,2
DA:269,2
DA:270,2
DA:271,2
DA:272,2
DA:273,48
DA:274,30
DA:275,30
DA:276,48
DA:277,0
DA:278,0
DA:279,30
DA:280,30
DA:281,30
DA:282,30
DA:283,48
DA:284,2
DA:285,48
DA:286,0
DA:287,28
DA:288,2
DA:289,2
DA:290,2
DA:291,30
DA:292,48
DA:293,30
DA:294,30
DA:295,30
DA:296,2
DA:297,2
DA:298,2
DA:299,15
DA:300,15
DA:301,15
DA:302,15
DA:303,15
DA:304,0
DA:305,0
DA:306,0
DA:307,0
DA:308,0
DA:309,0
DA:310,15
DA:311,15
DA:312,15
DA:313,15
DA:314,15
DA:315,15
DA:316,15
DA:317,2
DA:318,2
DA:319,2
DA:320,2
DA:321,2
DA:322,0
DA:323,0
DA:324,0
DA:325,0
DA:326,0
DA:327,0
DA:328,2
DA:329,2
DA:330,2
DA:331,2
DA:332,2
DA:333,2
DA:334,2
DA:335,2
DA:336,2
DA:337,2
DA:338,2
DA:339,2
DA:340,2
DA:341,2
DA:342,2
DA:343,15
DA:344,0
DA:345,0
DA:346,15
DA:347,15
DA:348,15
DA:349,15
DA:350,15
DA:351,15
DA:352,15
DA:353,15
DA:354,15
DA:355,15
DA:356,15
DA:357,15
DA:358,15
DA:359,15
DA:360,15
DA:361,15
DA:362,0
DA:363,0
DA:364,0
DA:365,0
DA:366,0
DA:367,0
DA:368,2
DA:369,15
DA:370,0
DA:371,15
DA:372,0
DA:373,0
DA:374,0
DA:375,0
DA:376,2
DA:377,15
DA:378,0
DA:379,15
DA:380,0
DA:381,0
DA:382,2
DA:383,15
DA:384,0
DA:385,15
DA:386,0
DA:387,0
DA:388,2
DA:389,15
DA:390,0
DA:391,15
DA:392,0
DA:393,0
DA:394,15
DA:395,0
DA:396,0
DA:397,2
DA:398,2
DA:399,2
DA:400,15
DA:401,15
DA:402,2
DA:403,14
DA:404,14
DA:405,14
DA:406,14
DA:407,14
DA:408,14
DA:409,2
DA:410,15
DA:411,0
DA:412,0
DA:413,0
DA:414,0
DA:415,0
DA:416,0
DA:417,0
DA:418,2
DA:419,2
DA:420,2
DA:421,2
DA:422,2
DA:423,2
DA:424,1
DA:425,15
DA:426,1
DA:427,1
DA:428,1
DA:429,1
DA:430,1
DA:431,1
DA:432,1
DA:433,1
DA:434,15
DA:435,2
DA:436,2
DA:437,2
DA:438,2
DA:439,15
LF:439
LH:322
BRDA:4,0,0,15
BRDA:23,1,0,0
BRDA:24,2,0,0
BRDA:25,3,0,0
BRDA:28,4,0,0
BRDA:31,5,0,0
BRDA:31,6,0,0
BRDA:39,7,0,12
BRDA:40,8,0,0
BRDA:41,9,0,0
BRDA:43,10,0,0
BRDA:44,11,0,3
BRDA:46,12,0,1
BRDA:49,13,0,2
BRDA:54,14,0,0
BRDA:56,15,0,1
BRDA:60,16,0,1
BRDA:71,17,0,0
BRDA:76,18,0,0
BRDA:87,19,0,12
BRDA:87,20,0,3
BRDA:91,21,0,0
BRDA:93,22,0,2
BRDA:95,23,0,13
BRDA:95,24,0,0
BRDA:97,25,0,0
BRDA:102,26,0,13
BRDA:102,27,0,1
BRDA:108,28,0,12
BRDA:109,29,0,12
BRDA:111,30,0,0
BRDA:116,31,0,0
BRDA:116,32,0,0
BRDA:121,33,0,3
BRDA:148,34,0,0
BRDA:153,35,0,1
BRDA:154,36,0,1
BRDA:160,37,0,0
BRDA:173,38,0,3
BRDA:173,39,0,12
BRDA:174,40,0,12
BRDA:174,41,0,3
BRDA:178,42,0,4
BRDA:181,43,0,0
BRDA:187,44,0,13
BRDA:191,45,0,2
BRDA:209,46,0,0
BRDA:211,47,0,2
BRDA:211,48,0,0
BRDA:213,49,0,0
BRDA:217,50,0,0
BRDA:219,51,0,2
BRDA:244,52,0,0
BRDA:244,53,0,0
BRDA:248,54,0,2
BRDA:248,55,0,0
BRDA:299,56,0,0
BRDA:303,57,0,0
BRDA:309,58,0,2
BRDA:310,59,0,0
BRDA:316,60,0,2
BRDA:321,61,0,0
BRDA:343,62,0,0
BRDA:346,63,0,2
BRDA:348,64,0,2
BRDA:350,65,0,2
BRDA:351,66,0,0
BRDA:353,67,0,0
BRDA:361,68,0,0
BRDA:361,69,0,0
BRDA:361,70,0,0
BRDA:367,71,0,2
BRDA:369,72,0,0
BRDA:369,73,0,0
BRDA:371,74,0,0
BRDA:375,75,0,2
BRDA:377,76,0,0
BRDA:377,77,0,0
BRDA:379,78,0,0
BRDA:381,79,0,2
BRDA:383,80,0,0
BRDA:383,81,0,0
BRDA:385,82,0,0
BRDA:387,83,0,2
BRDA:389,84,0,0
BRDA:389,85,0,0
BRDA:391,86,0,0
BRDA:393,87,0,2
BRDA:394,88,0,0
BRDA:396,89,0,2
BRDA:400,90,0,0
BRDA:401,91,0,0
BRDA:402,92,0,2
BRDA:410,93,0,0
BRDA:417,94,0,2
BRDA:424,95,0,1
BRDA:425,96,0,0
BRDA:426,97,0,1
BRDA:434,98,0,2
BRDA:122,99,0,3
BRDA:123,100,0,1
BRDA:125,101,0,2
BRDA:125,102,0,1
BRDA:130,103,0,0
BRDA:133,104,0,1
BRDA:136,105,0,2
BRDA:138,106,0,0
BRDA:272,107,0,48
BRDA:273,108,0,18
BRDA:274,109,0,30
BRDA:276,110,0,30
BRDA:276,111,0,0
BRDA:278,112,0,30
BRDA:283,113,0,2
BRDA:285,114,0,28
BRDA:285,115,0,0
BRDA:287,116,0,2
BRDA:290,117,0,30
BRDA:292,118,0,30
BRDA:292,119,0,30
BRDA:402,120,0,14
BRDA:403,121,0,0
BRF:122
BRH:62
end_of_record
TN:
SF:src\utils\apiBase.js
FN:1,getApiBase
FN:42,authFetch
FNF:2
FNH:2
FNDA:1,getApiBase
FNDA:5,authFetch
DA:1,1
DA:2,1
DA:3,1
DA:4,1
DA:5,1
DA:6,1
DA:7,1
DA:8,1
DA:9,1
DA:10,1
DA:11,1
DA:12,1
DA:13,1
DA:14,0
DA:15,0
DA:16,0
DA:17,0
DA:18,0
DA:19,0
DA:20,1
DA:21,1
DA:22,1
DA:23,1
DA:24,1
DA:25,1
DA:26,0
DA:27,0
DA:28,0
DA:29,0
DA:30,0
DA:31,0
DA:32,0
DA:33,0
DA:34,0
DA:35,0
DA:36,0
DA:37,0
DA:38,0
DA:39,1
DA:40,1
DA:41,1
DA:42,1
DA:43,5
DA:44,5
DA:45,5
DA:46,5
DA:47,5
DA:48,5
DA:49,5
DA:50,5
DA:51,5
DA:52,5
DA:53,5
DA:54,3
DA:55,3
DA:56,5
DA:57,5
DA:58,5
DA:59,5
DA:60,5
DA:61,5
DA:62,5
DA:63,5
DA:64,5
DA:65,5
DA:66,5
DA:67,5
DA:68,2
DA:69,2
DA:70,2
DA:71,2
DA:72,2
DA:73,2
DA:74,2
DA:75,2
DA:76,2
DA:77,2
DA:78,2
DA:79,0
DA:80,0
DA:81,0
DA:82,2
DA:83,2
DA:84,2
DA:85,0
DA:86,0
DA:87,2
DA:88,2
DA:89,2
DA:90,2
DA:91,3
DA:92,3
DA:93,3
LF:93
LH:69
BRDA:1,0,0,1
BRDA:4,1,0,0
BRDA:13,2,0,0
BRDA:23,3,0,0
BRDA:23,4,0,0
BRDA:25,5,0,0
BRDA:25,6,0,0
BRDA:42,7,0,5
BRDA:53,8,0,3
BRDA:59,9,0,1
BRDA:59,10,0,4
BRDA:67,11,0,2
BRDA:78,12,0,0
BRDA:84,13,0,0
BRDA:90,14,0,3
BRF:15
BRH:7
end_of_record
TN:
SF:src\utils\caseUtils.js
FN:1,formatTipoAcaoLabel
FNF:1
FNH:1
FNDA:15,formatTipoAcaoLabel
DA:1,1
DA:2,15
DA:3,15
DA:4,12
DA:5,12
DA:6,12
DA:7,12
DA:8,12
DA:9,12
DA:10,12
DA:11,12
DA:12,12
DA:13,12
DA:14,12
DA:15,12
DA:16,12
DA:17,12
DA:18,12
DA:19,12
DA:20,12
DA:21,12
DA:22,15
DA:23,9
DA:24,9
DA:25,3
DA:26,15
DA:27,2
DA:28,2
DA:29,1
DA:30,1
DA:31,1
DA:32,1
LF:32
LH:32
BRDA:1,0,0,15
BRDA:2,1,0,3
BRDA:3,2,0,3
BRDA:4,3,0,12
BRDA:22,4,0,9
BRDA:24,5,0,3
BRDA:26,6,0,2
BRDA:28,7,0,1
BRDA:31,8,0,2
BRF:9
BRH:9
end_of_record
TN:
SF:src\utils\fetcher.js
FN:1,(empty-report)
FNF:1
FNH:0
FNDA:0,(empty-report)
DA:1,0
DA:2,0
DA:3,0
DA:4,0
DA:5,0
DA:6,0
DA:7,0
DA:8,0
DA:9,0
DA:10,0
DA:11,0
DA:12,0
DA:13,0
DA:14,0
DA:15,0
DA:16,0
DA:17,0
DA:18,0
DA:19,0
DA:20,0
DA:21,0
LF:21
LH:0
BRDA:1,0,0,0
BRF:1
BRH:0
end_of_record
TN:
SF:src\utils\formOptions.js
FN:1,(empty-report)
FNF:1
FNH:0
FNDA:0,(empty-report)
DA:1,0
DA:2,0
DA:3,0
DA:4,0
DA:5,0
DA:6,0
DA:7,0
DA:8,0
DA:9,0
DA:10,0
DA:11,0
DA:12,0
DA:13,0
DA:14,0
DA:15,0
DA:16,0
DA:17,0
DA:18,0
DA:19,0
DA:20,0
DA:21,0
DA:22,0
DA:23,0
DA:24,0
DA:25,0
DA:26,0
DA:27,0
DA:28,0
DA:29,0
DA:30,0
DA:31,0
DA:32,0
DA:33,0
DA:34,0
DA:35,0
DA:36,0
DA:37,0
DA:38,0
DA:39,0
DA:40,0
DA:41,0
DA:42,0
DA:43,0
DA:44,0
DA:45,0
DA:46,0
DA:47,0
DA:48,0
DA:49,0
DA:50,0
DA:51,0
DA:52,0
DA:53,0
DA:54,0
DA:55,0
DA:56,0
DA:57,0
DA:58,0
DA:59,0
DA:60,0
DA:61,0
DA:62,0
DA:63,0
DA:64,0
DA:65,0
DA:66,0
DA:67,0
DA:68,0
DA:69,0
DA:70,0
DA:71,0
DA:72,0
DA:73,0
DA:74,0
DA:75,0
DA:76,0
DA:77,0
DA:78,0
DA:79,0
DA:80,0
DA:81,0
DA:82,0
DA:83,0
DA:84,0
DA:85,0
DA:86,0
DA:87,0
DA:88,0
DA:89,0
DA:90,0
DA:91,0
DA:92,0
DA:93,0
DA:94,0
DA:95,0
DA:96,0
DA:97,0
DA:98,0
DA:99,0
DA:100,0
DA:101,0
DA:102,0
DA:103,0
DA:104,0
DA:105,0
DA:106,0
DA:107,0
DA:108,0
DA:109,0
DA:110,0
DA:111,0
DA:112,0
DA:113,0
DA:114,0
DA:115,0
DA:116,0
DA:117,0
DA:118,0
DA:119,0
DA:120,0
DA:121,0
DA:122,0
DA:123,0
DA:124,0
DA:125,0
DA:126,0
DA:127,0
DA:128,0
DA:129,0
DA:130,0
DA:131,0
DA:132,0
DA:133,0
DA:134,0
DA:135,0
DA:136,0
DA:137,0
DA:138,0
DA:139,0
DA:140,0
DA:141,0
LF:141
LH:0
BRDA:1,0,0,0
BRF:1
BRH:0
end_of_record
TN:
SF:src\utils\formatters.js
FN:1,stripNonDigits
FN:3,formatCpf
FN:13,formatDateMask
FN:20,formatMonthYearMask
FN:26,formatPhone
FN:37,formatRgNumber
FN:50,formatCurrencyMask
FN:70,formatDateToBr
FN:78,parseBrDateToIso
FN:85,sanitizeDecimalInput
FN:100,normalizeDecimalForSubmit
FN:110,validateCpfAlgorithm
FN:137,validateBrDate
FN:164,numeroParaExtenso
FN:185,numeroParaTextoAte999
FNF:15
FNH:12
FNDA:17,stripNonDigits
FNDA:6,formatCpf
FNDA:4,formatDateMask
FNDA:0,formatMonthYearMask
FNDA:4,formatPhone
FNDA:0,formatRgNumber
FNDA:4,formatCurrencyMask
FNDA:3,formatDateToBr
FNDA:4,parseBrDateToIso
FNDA:0,sanitizeDecimalInput
FNDA:4,normalizeDecimalForSubmit
FNDA:8,validateCpfAlgorithm
FNDA:28,validateBrDate
FNDA:11,numeroParaExtenso
FNDA:9,numeroParaTextoAte999
DA:1,1
DA:2,1
DA:3,1
DA:4,6
DA:5,6
DA:6,6
DA:7,6
DA:8,1
DA:9,1
DA:10,3
DA:11,3
DA:12,1
DA:13,1
DA:14,4
DA:15,4
DA:16,4
DA:17,1
DA:18,1
DA:19,1
DA:20,1
DA:21,0
DA:22,0
DA:23,0
DA:24,0
DA:25,1
DA:26,1
DA:27,4
DA:28,4
DA:29,4
DA:30,4
DA:31,4
DA:32,1
DA:33,1
DA:34,1
DA:35,1
DA:36,1
DA:37,1
DA:38,0
DA:39,0
DA:40,0
DA:41,0
DA:42,0
DA:43,0
DA:44,0
DA:45,0
DA:46,0
DA:47,0
DA:48,0
DA:49,1
DA:50,1
DA:51,4
DA:52,3
DA:53,4
DA:54,3
DA:55,3
DA:56,3
DA:57,3
DA:58,4
DA:59,4
DA:60,4
DA:61,2
DA:62,2
DA:63,2
DA:64,2
DA:65,2
DA:66,2
DA:67,2
DA:68,2
DA:69,1
DA:70,1
DA:71,3
DA:72,3
DA:73,1
DA:74,3
DA:75,1
DA:76,1
DA:77,1
DA:78,1
DA:79,4
DA:80,2
DA:81,4
DA:82,1
DA:83,1
DA:84,1
DA:85,1
DA:86,0
DA:87,0
DA:88,0
DA:89,0
DA:90,0
DA:91,0
DA:92,0
DA:93,0
DA:94,0
DA:95,0
DA:96,0
DA:97,0
DA:98,0
DA:99,1
DA:100,1
DA:101,4
DA:102,3
DA:103,3
DA:104,4
DA:105,1
DA:106,1
DA:107,2
DA:108,2
DA:109,1
DA:110,1
DA:111,8
DA:112,8
DA:113,4
DA:114,4
DA:115,4
DA:116,4
DA:117,8
DA:118,36
DA:119,36
DA:120,4
DA:121,4
DA:122,8
DA:123,8
DA:124,4
DA:125,4
DA:126,8
DA:127,40
DA:128,40
DA:129,4
DA:130,4
DA:131,8
DA:132,8
DA:133,3
DA:134,3
DA:135,3
DA:136,1
DA:137,1
DA:138,28
DA:139,25
DA:140,25
DA:141,28
DA:142,24
DA:143,24
DA:144,24
DA:145,24
DA:146,24
DA:147,24
DA:148,24
DA:149,24
DA:150,28
DA:151,28
DA:152,20
DA:153,20
DA:154,28
DA:155,28
DA:156,28
DA:157,28
DA:158,28
DA:159,28
DA:160,17
DA:161,17
DA:162,17
DA:163,1
DA:164,1
DA:165,11
DA:166,11
DA:167,11
DA:168,7
DA:169,7
DA:170,7
DA:171,7
DA:172,7
DA:173,7
DA:174,7
DA:175,7
DA:176,7
DA:177,7
DA:178,7
DA:179,7
DA:180,7
DA:181,7
DA:182,7
DA:183,11
DA:184,6
DA:185,6
DA:186,9
DA:187,9
DA:188,9
DA:189,9
DA:190,9
DA:191,9
DA:192,9
DA:193,9
DA:194,0
DA:195,9
DA:196,9
DA:197,9
DA:198,9
DA:199,9
DA:200,6
DA:201,6
DA:202,6
DA:203,6
DA:204,11
DA:205,9
DA:206,9
DA:207,9
DA:208,6
DA:209,6
DA:210,6
DA:211,9
DA:212,8
DA:213,9
DA:214,8
DA:215,9
DA:216,9
DA:217,9
DA:218,6
DA:219,6
DA:220,6
DA:221,6
DA:222,11
DA:223,11
DA:224,11
DA:225,11
DA:226,11
DA:227,1
DA:228,1
DA:229,1
DA:230,1
DA:231,6
DA:232,6
LF:232
LH:203
BRDA:1,0,0,17
BRDA:3,1,0,6
BRDA:5,2,0,1
BRDA:6,3,0,5
BRDA:6,4,0,1
BRDA:7,5,0,4
BRDA:7,6,0,1
BRDA:9,7,0,3
BRDA:13,8,0,4
BRDA:15,9,0,2
BRDA:16,10,0,1
BRDA:26,11,0,4
BRDA:28,12,0,1
BRDA:29,13,0,3
BRDA:29,14,0,1
BRDA:30,15,0,2
BRDA:30,16,0,0
BRDA:31,17,0,2
BRDA:31,18,0,1
BRDA:50,19,0,4
BRDA:51,20,0,1
BRDA:52,21,0,3
BRDA:53,22,0,0
BRDA:54,23,0,3
BRDA:58,24,0,1
BRDA:59,25,0,2
BRDA:59,26,0,0
BRDA:60,27,0,2
BRDA:60,28,0,0
BRDA:61,29,0,2
BRDA:70,30,0,3
BRDA:71,31,0,1
BRDA:72,32,0,2
BRDA:72,33,0,1
BRDA:74,34,0,1
BRDA:74,35,0,0
BRDA:75,36,0,1
BRDA:78,37,0,4
BRDA:79,38,0,3
BRDA:79,39,0,2
BRDA:81,40,0,2
BRDA:81,41,0,2
BRDA:81,42,0,1
BRDA:100,43,0,4
BRDA:101,44,0,1
BRDA:102,45,0,3
BRDA:104,46,0,1
BRDA:106,47,0,2
BRDA:110,48,0,8
BRDA:112,49,0,5
BRDA:112,50,0,4
BRDA:117,51,0,36
BRDA:119,52,0,4
BRDA:122,53,0,0
BRDA:123,54,0,4
BRDA:123,55,0,0
BRDA:124,56,0,4
BRDA:126,57,0,40
BRDA:128,58,0,4
BRDA:131,59,0,0
BRDA:132,60,0,4
BRDA:132,61,0,1
BRDA:133,62,0,3
BRDA:137,63,0,28
BRDA:138,64,0,25
BRDA:138,65,0,3
BRDA:139,66,0,25
BRDA:141,67,0,1
BRDA:142,68,0,24
BRDA:150,69,0,3
BRDA:151,70,0,21
BRDA:151,71,0,1
BRDA:152,72,0,20
BRDA:154,73,0,3
BRDA:154,74,0,20
BRDA:156,75,0,3
BRDA:156,76,0,17
BRDA:159,77,0,20
BRDA:159,78,0,20
BRDA:159,79,0,3
BRDA:160,80,0,17
BRDA:164,81,0,11
BRDA:165,82,0,10
BRDA:165,83,0,9
BRDA:165,84,0,3
BRDA:166,85,0,8
BRDA:166,86,0,2
BRDA:166,87,0,6
BRDA:167,88,0,1
BRDA:168,89,0,7
BRDA:183,90,0,1
BRDA:183,91,0,1
BRDA:184,92,0,6
BRDA:204,93,0,9
BRDA:207,94,0,6
BRDA:222,95,0,0
BRDA:223,96,0,2
BRDA:223,97,0,4
BRDA:226,98,0,1
BRDA:227,99,0,0
BRDA:228,100,0,0
BRDA:230,101,0,6
BRDA:185,102,0,9
BRDA:186,103,0,0
BRDA:187,104,0,0
BRDA:192,105,0,2
BRDA:193,106,0,0
BRDA:196,107,0,3
BRDA:197,108,0,8
BRDA:210,109,0,9
BRDA:211,110,0,1
BRDA:212,111,0,8
BRDA:213,112,0,0
BRDA:214,113,0,8
BRDA:215,114,0,5
BRDA:216,115,0,5
BRDA:216,116,0,3
BRDA:216,117,0,0
BRF:118
BRH:102
end_of_record
